 
****************************************
Report : area
Design : dlx
Version: F-2011.09-SP3
Date   : Fri Oct 21 21:19:54 2022
****************************************

Library(s) Used:

    NangateOpenCellLibrary (File: /home/mariagrazia.graziano/do/libnangate/NangateOpenCellLibrary_typical_ecsm.db)

Number of ports:                           66
Number of nets:                           860
Number of cells:                          770
Number of combinational cells:            556
Number of sequential cells:               212
Number of macros:                           0
Number of buf/inv:                         74
Number of references:                      31

Combinational area:        583.870001
Noncombinational area:    1000.159977
Net Interconnect area:      undefined  (Wire load has zero net area)

Total cell area:          1584.029978
Total area:                 undefined